"/home/user/Рабочий стол/clion-2022.1/bin/cmake/linux/bin/cmake" -DCMAKE_BUILD_TYPE=Debug -G "CodeBlocks - Unix Makefiles" -S "/home/user/Рабочий стол/Lab3V18" -B "/home/user/Рабочий стол/Lab3V18/cmake-build-debug"
-- The C compiler identification is GNU 9.4.0
-- Detecting C compiler ABI info
-- Detecting C compiler ABI info - failed
-- Check for working C compiler: /usr/bin/cc
-- Check for working C compiler: /usr/bin/cc - broken
CMake Error at /home/user/Рабочий стол/clion-2022.1/bin/cmake/linux/share/cmake-3.22/Modules/CMakeTestCCompiler.cmake:69 (message):
  The C compiler

    "/usr/bin/cc"

  is not able to compile a simple test program.

  It fails with the following output:

    Change Dir: /home/user/Рабочий стол/Lab3V18/cmake-build-debug/CMakeFiles/CMakeTmp
    
    Run Build Command(s):/usr/bin/make -f Makefile cmTC_0f2d7/fast && /usr/bin/make  -f CMakeFiles/cmTC_0f2d7.dir/build.make CMakeFiles/cmTC_0f2d7.dir/build
    make[1]: вход в каталог «/home/user/Рабочий стол/Lab3V18/cmake-build-debug/CMakeFiles/CMakeTmp»
    Building C object CMakeFiles/cmTC_0f2d7.dir/testCCompiler.c.o
    /usr/bin/cc    -o CMakeFiles/cmTC_0f2d7.dir/testCCompiler.c.o -c "/home/user/Рабочий стол/Lab3V18/cmake-build-debug/CMakeFiles/CMakeTmp/testCCompiler.c"
    Linking C executable cmTC_0f2d7
    "/home/user/Рабочий стол/clion-2022.1/bin/cmake/linux/bin/cmake" -E cmake_link_script CMakeFiles/cmTC_0f2d7.dir/link.txt --verbose=1
    /usr/bin/cc CMakeFiles/cmTC_0f2d7.dir/testCCompiler.c.o -o cmTC_0f2d7 
    /usr/bin/ld: невозможно найти Scrt1.o: Нет такого файла или каталога
    /usr/bin/ld: невозможно найти crti.o: Нет такого файла или каталога
    collect2: error: ld returned 1 exit status
    make[1]: *** [CMakeFiles/cmTC_0f2d7.dir/build.make:99: cmTC_0f2d7] Ошибка 1
    make[1]: выход из каталога «/home/user/Рабочий стол/Lab3V18/cmake-build-debug/CMakeFiles/CMakeTmp»
    make: *** [Makefile:127: cmTC_0f2d7/fast] Ошибка 2
    
    

  

  CMake will not be able to correctly generate this project.
Call Stack (most recent call first):
  CMakeLists.txt:2 (project)


-- Configuring incomplete, errors occurred!
See also "/home/user/Рабочий стол/Lab3V18/cmake-build-debug/CMakeFiles/CMakeOutput.log".
See also "/home/user/Рабочий стол/Lab3V18/cmake-build-debug/CMakeFiles/CMakeError.log".
